<?xml version="1.0" encoding="UTF-8"?>
<!-- Generated by org.testng.reporters.JUnitReportReporter -->
<testsuite hostname="Akshit_PC" failures="0" tests="10" name="com.polymershop.tests.CartTests" time="316.742" errors="0" timestamp="2025-10-07T22:01:54 IST" skipped="0">
  <testcase classname="com.polymershop.tests.CartTests" name="verifyCartFunctionalityAvailable" time="30.000"/>
  <testcase classname="com.polymershop.tests.CartTests" name="verifyCartFunctionalityAvailable" time="29.853"/>
  <testcase classname="com.polymershop.tests.CartTests" name="verifyAddingProductsToCart" time="29.680"/>
  <testcase classname="com.polymershop.tests.CartTests" name="verifyAddingProductsToCart" time="29.682"/>
  <testcase classname="com.polymershop.tests.CartTests" name="verifyCartCountUpdates" time="32.967"/>
  <testcase classname="com.polymershop.tests.CartTests" name="verifyCartCountUpdates" time="33.675"/>
  <testcase classname="com.polymershop.tests.CartTests" name="verifyEmptyCartState" time="11.426"/>
  <testcase classname="com.polymershop.tests.CartTests" name="verifyEmptyCartState" time="13.468"/>
  <testcase classname="com.polymershop.tests.CartTests" name="verifyMultipleProductsAddition" time="53.317"/>
  <testcase classname="com.polymershop.tests.CartTests" name="verifyMultipleProductsAddition" time="52.674"/>
</testsuite> <!-- com.polymershop.tests.CartTests -->
