<?xml version="1.0" encoding="UTF-8"?>
<!-- Generated by org.testng.reporters.JUnitReportReporter -->
<testsuite hostname="Akshit_PC" failures="0" tests="10" name="com.polymershop.tests.HomePageTests" time="62.118" errors="0" timestamp="2025-10-07T22:01:54 IST" skipped="0">
  <testcase classname="com.polymershop.tests.HomePageTests" name="verifyHomePageLoads" time="6.815"/>
  <testcase classname="com.polymershop.tests.HomePageTests" name="verifyHomePageLoads" time="5.417"/>
  <testcase classname="com.polymershop.tests.HomePageTests" name="verifyNavigationMenuItems" time="5.898"/>
  <testcase classname="com.polymershop.tests.HomePageTests" name="verifyNavigationMenuItems" time="6.108"/>
  <testcase classname="com.polymershop.tests.HomePageTests" name="verifyProductCategoriesDisplay" time="6.291"/>
  <testcase classname="com.polymershop.tests.HomePageTests" name="verifyProductCategoriesDisplay" time="6.952"/>
  <testcase classname="com.polymershop.tests.HomePageTests" name="verifySearchFunctionality" time="6.154"/>
  <testcase classname="com.polymershop.tests.HomePageTests" name="verifySearchFunctionality" time="6.564"/>
  <testcase classname="com.polymershop.tests.HomePageTests" name="verifyFeaturedProductsSection" time="5.925"/>
  <testcase classname="com.polymershop.tests.HomePageTests" name="verifyFeaturedProductsSection" time="5.994"/>
</testsuite> <!-- com.polymershop.tests.HomePageTests -->
