<?xml version="1.0" encoding="UTF-8"?>
<!-- Generated by org.testng.reporters.JUnitReportReporter -->
<testsuite hostname="Akshit_PC" failures="0" tests="10" name="com.polymershop.tests.CheckoutTests" time="259.027" errors="0" timestamp="2025-10-07T22:01:54 IST" skipped="0">
  <testcase classname="com.polymershop.tests.CheckoutTests" name="verifyCheckoutNavigation" time="32.657"/>
  <testcase classname="com.polymershop.tests.CheckoutTests" name="verifyCheckoutNavigation" time="33.188"/>
  <testcase classname="com.polymershop.tests.CheckoutTests" name="verifyCheckoutPageLoads" time="15.966"/>
  <testcase classname="com.polymershop.tests.CheckoutTests" name="verifyCheckoutPageLoads" time="15.067"/>
  <testcase classname="com.polymershop.tests.CheckoutTests" name="verifyCheckoutFormPresent" time="32.553"/>
  <testcase classname="com.polymershop.tests.CheckoutTests" name="verifyCheckoutFormPresent" time="34.792"/>
  <testcase classname="com.polymershop.tests.CheckoutTests" name="verifyCheckoutAccessibleWithItems" time="32.346"/>
  <testcase classname="com.polymershop.tests.CheckoutTests" name="verifyCheckoutAccessibleWithItems" time="34.053"/>
  <testcase classname="com.polymershop.tests.CheckoutTests" name="verifyCheckoutURL" time="14.315"/>
  <testcase classname="com.polymershop.tests.CheckoutTests" name="verifyCheckoutURL" time="14.090"/>
</testsuite> <!-- com.polymershop.tests.CheckoutTests -->
