<?xml version="1.0" encoding="UTF-8"?>
<!-- Generated by org.testng.reporters.JUnitReportReporter -->
<testsuite hostname="Akshit_PC" failures="0" tests="10" name="com.polymershop.tests.ProductDetailsTests" time="174.852" errors="0" timestamp="2025-10-07T22:01:54 IST" skipped="0">
  <testcase classname="com.polymershop.tests.ProductDetailsTests" name="verifyProductDetailPageLoad" time="14.333"/>
  <testcase classname="com.polymershop.tests.ProductDetailsTests" name="verifyProductDetailPageLoad" time="16.143"/>
  <testcase classname="com.polymershop.tests.ProductDetailsTests" name="verifyProductTitleAndPrice" time="16.170"/>
  <testcase classname="com.polymershop.tests.ProductDetailsTests" name="verifyProductTitleAndPrice" time="14.408"/>
  <testcase classname="com.polymershop.tests.ProductDetailsTests" name="verifyProductImage" time="18.046"/>
  <testcase classname="com.polymershop.tests.ProductDetailsTests" name="verifyProductImage" time="17.669"/>
  <testcase classname="com.polymershop.tests.ProductDetailsTests" name="verifySizeAndQuantityDropdowns" time="14.773"/>
  <testcase classname="com.polymershop.tests.ProductDetailsTests" name="verifySizeAndQuantityDropdowns" time="14.232"/>
  <testcase classname="com.polymershop.tests.ProductDetailsTests" name="verifyAddToCartFunctionality" time="24.135"/>
  <testcase classname="com.polymershop.tests.ProductDetailsTests" name="verifyAddToCartFunctionality" time="24.943"/>
</testsuite> <!-- com.polymershop.tests.ProductDetailsTests -->
